<?xml version="1.0" encoding="UTF-8"?>
<!-- Generated by org.testng.reporters.JUnitXMLReporter -->
<testsuite ignored="0" hostname="NIVINISHI" failures="0" tests="4" name="Default test" time="16.482" errors="0" timestamp="19 Jan 2023 01:33:13 GMT">
  <testcase classname="com.acti.base.DriverScript" name="initApplication" time="3.756"/>
  <testcase classname="com.acti.tests.LoginpageTest" name="testloginpage" time="3.34"/>
  <testcase classname="com.acti.tests.LoginpageTest" name="display" time="3.25"/>
  <testcase classname="com.acti.tests.LoginpageTest" name="loginmethod" time="6.106"/>
</testsuite> <!-- Default test -->
