<?xml version="1.0" encoding="UTF-8"?>
<testng-results ignored="0" total="2" passed="2" failed="0" skipped="0">
  <reporter-output>
  </reporter-output>
  <suite started-at="2023-01-19T01:53:22Z" name="Suite" finished-at="2023-01-19T01:53:37Z" duration-ms="15098">
    <groups>
    </groups>
    <test started-at="2023-01-19T01:53:22Z" name="Test" finished-at="2023-01-19T01:53:37Z" duration-ms="15098">
      <class name="com.acti.tests.BaseTest">
        <test-method is-config="true" signature="setup()[pri:0, instance:com.acti.tests.BaseTest@632ceb35]" started-at="2023-01-19T01:53:31Z" name="setup" finished-at="2023-01-19T01:53:34Z" duration-ms="3060" status="PASS">
          <reporter-output>
          </reporter-output>
        </test-method> <!-- setup -->
        <test-method signature="initApplication()[pri:0, instance:com.acti.tests.BaseTest@632ceb35]" started-at="2023-01-19T01:53:34Z" name="initApplication" finished-at="2023-01-19T01:53:37Z" duration-ms="3155" status="PASS">
          <reporter-output>
          </reporter-output>
        </test-method> <!-- initApplication -->
        <test-method is-config="true" signature="tearDown()[pri:0, instance:com.acti.tests.BaseTest@632ceb35]" started-at="2023-01-19T01:53:37Z" name="tearDown" finished-at="2023-01-19T01:53:37Z" duration-ms="136" status="PASS">
          <reporter-output>
          </reporter-output>
        </test-method> <!-- tearDown -->
      </class> <!-- com.acti.tests.BaseTest -->
      <class name="com.acti.tests.LoginpageTest">
        <test-method is-config="true" signature="setup()[pri:0, instance:com.acti.tests.LoginpageTest@512baff6]" started-at="2023-01-19T01:53:22Z" name="setup" finished-at="2023-01-19T01:53:28Z" duration-ms="5500" status="PASS">
          <reporter-output>
          </reporter-output>
        </test-method> <!-- setup -->
        <test-method signature="initApplication()[pri:0, instance:com.acti.tests.LoginpageTest@512baff6]" started-at="2023-01-19T01:53:28Z" name="initApplication" finished-at="2023-01-19T01:53:31Z" duration-ms="3088" status="PASS">
          <reporter-output>
          </reporter-output>
        </test-method> <!-- initApplication -->
        <test-method is-config="true" signature="tearDown()[pri:0, instance:com.acti.tests.LoginpageTest@512baff6]" started-at="2023-01-19T01:53:31Z" name="tearDown" finished-at="2023-01-19T01:53:31Z" duration-ms="133" status="PASS">
          <reporter-output>
          </reporter-output>
        </test-method> <!-- tearDown -->
      </class> <!-- com.acti.tests.LoginpageTest -->
    </test> <!-- Test -->
  </suite> <!-- Suite -->
</testng-results>
